  main.cpp
C:\Users\User\OneDrive\Desktop\Project_graphics\Hall_Design_OpengL3.3\Sphere2.h(193,26): warning C4244: 'initializing': conversion from 'double' to 'float', possible loss of data
C:\Users\User\OneDrive\Desktop\Project_graphics\Hall_Design_OpengL3.3\Sphere2.h(194,25): warning C4244: 'initializing': conversion from 'double' to 'float', possible loss of data
C:\Users\User\OneDrive\Desktop\Project_graphics\Hall_Design_OpengL3.3\Sphere2.h(196,26): warning C4244: 'initializing': conversion from 'double' to 'float', possible loss of data
C:\Users\User\OneDrive\Desktop\Project_graphics\Hall_Design_OpengL3.3\Sphere2.h(273,26): warning C4244: 'initializing': conversion from 'double' to 'float', possible loss of data
C:\Users\User\OneDrive\Desktop\Project_graphics\Hall_Design_OpengL3.3\Sphere2.h(274,25): warning C4244: 'initializing': conversion from 'double' to 'float', possible loss of data
C:\Users\User\OneDrive\Desktop\Project_graphics\Hall_Design_OpengL3.3\Sphere2.h(278,30): warning C4244: 'initializing': conversion from 'double' to 'float', possible loss of data
C:\Users\User\OneDrive\Desktop\Project_graphics\Hall_Design_OpengL3.3\Sphere2.h(329,26): warning C4244: 'initializing': conversion from 'double' to 'float', possible loss of data
C:\Users\User\OneDrive\Desktop\Project_graphics\Hall_Design_OpengL3.3\Sphere2.h(330,25): warning C4244: 'initializing': conversion from 'double' to 'float', possible loss of data
C:\Users\User\OneDrive\Desktop\Project_graphics\Hall_Design_OpengL3.3\Sphere2.h(335,33): warning C4244: '=': conversion from 'double' to 'float', possible loss of data
C:\Users\User\OneDrive\Desktop\Project_graphics\Hall_Design_OpengL3.3\main.cpp(181,37): warning C4244: 'initializing': conversion from 'double' to 'float', possible loss of data
C:\Users\User\OneDrive\Desktop\Project_graphics\Hall_Design_OpengL3.3\main.cpp(181,28): warning C4244: 'initializing': conversion from 'double' to 'const float', possible loss of data
C:\Users\User\OneDrive\Desktop\Project_graphics\Hall_Design_OpengL3.3\main.cpp(184,18): warning C4244: 'initializing': conversion from 'double' to 'float', possible loss of data
C:\Users\User\OneDrive\Desktop\Project_graphics\Hall_Design_OpengL3.3\main.cpp(194,29): warning C4244: '=': conversion from 'double' to 'float', possible loss of data
C:\Users\User\OneDrive\Desktop\Project_graphics\Hall_Design_OpengL3.3\main.cpp(200,23): warning C4244: '=': conversion from 'double' to 'float', possible loss of data
C:\Users\User\OneDrive\Desktop\Project_graphics\Hall_Design_OpengL3.3\main.cpp(201,23): warning C4244: '=': conversion from 'double' to 'float', possible loss of data
C:\Users\User\OneDrive\Desktop\Project_graphics\Hall_Design_OpengL3.3\main.cpp(297,2): warning C4305: 'initializing': truncation from 'double' to '_Ty'
          with
          [
              _Ty=float
          ]
C:\Users\User\OneDrive\Desktop\Project_graphics\Hall_Design_OpengL3.3\main.cpp(297,10): warning C4305: 'initializing': truncation from 'double' to '_Ty'
          with
          [
              _Ty=float
          ]
C:\Users\User\OneDrive\Desktop\Project_graphics\Hall_Design_OpengL3.3\main.cpp(297,18): warning C4305: 'initializing': truncation from 'double' to '_Ty'
          with
          [
              _Ty=float
          ]
C:\Users\User\OneDrive\Desktop\Project_graphics\Hall_Design_OpengL3.3\main.cpp(298,2): warning C4305: 'initializing': truncation from 'double' to '_Ty'
          with
          [
              _Ty=float
          ]
C:\Users\User\OneDrive\Desktop\Project_graphics\Hall_Design_OpengL3.3\main.cpp(298,10): warning C4305: 'initializing': truncation from 'double' to '_Ty'
          with
          [
              _Ty=float
          ]
C:\Users\User\OneDrive\Desktop\Project_graphics\Hall_Design_OpengL3.3\main.cpp(298,18): warning C4305: 'initializing': truncation from 'double' to '_Ty'
          with
          [
              _Ty=float
          ]
C:\Users\User\OneDrive\Desktop\Project_graphics\Hall_Design_OpengL3.3\main.cpp(299,2): warning C4305: 'initializing': truncation from 'double' to '_Ty'
          with
          [
              _Ty=float
          ]
C:\Users\User\OneDrive\Desktop\Project_graphics\Hall_Design_OpengL3.3\main.cpp(299,10): warning C4305: 'initializing': truncation from 'double' to '_Ty'
          with
          [
              _Ty=float
          ]
C:\Users\User\OneDrive\Desktop\Project_graphics\Hall_Design_OpengL3.3\main.cpp(299,18): warning C4305: 'initializing': truncation from 'double' to '_Ty'
          with
          [
              _Ty=float
          ]
C:\Users\User\OneDrive\Desktop\Project_graphics\Hall_Design_OpengL3.3\main.cpp(300,2): warning C4305: 'initializing': truncation from 'double' to '_Ty'
          with
          [
              _Ty=float
          ]
C:\Users\User\OneDrive\Desktop\Project_graphics\Hall_Design_OpengL3.3\main.cpp(300,10): warning C4305: 'initializing': truncation from 'double' to '_Ty'
          with
          [
              _Ty=float
          ]
C:\Users\User\OneDrive\Desktop\Project_graphics\Hall_Design_OpengL3.3\main.cpp(300,18): warning C4305: 'initializing': truncation from 'double' to '_Ty'
          with
          [
              _Ty=float
          ]
C:\Users\User\OneDrive\Desktop\Project_graphics\Hall_Design_OpengL3.3\main.cpp(301,2): warning C4305: 'initializing': truncation from 'double' to '_Ty'
          with
          [
              _Ty=float
          ]
C:\Users\User\OneDrive\Desktop\Project_graphics\Hall_Design_OpengL3.3\main.cpp(301,10): warning C4305: 'initializing': truncation from 'double' to '_Ty'
          with
          [
              _Ty=float
          ]
C:\Users\User\OneDrive\Desktop\Project_graphics\Hall_Design_OpengL3.3\main.cpp(301,18): warning C4305: 'initializing': truncation from 'double' to '_Ty'
          with
          [
              _Ty=float
          ]
C:\Users\User\OneDrive\Desktop\Project_graphics\Hall_Design_OpengL3.3\main.cpp(302,2): warning C4305: 'initializing': truncation from 'double' to '_Ty'
          with
          [
              _Ty=float
          ]
C:\Users\User\OneDrive\Desktop\Project_graphics\Hall_Design_OpengL3.3\main.cpp(302,10): warning C4305: 'initializing': truncation from 'double' to '_Ty'
          with
          [
              _Ty=float
          ]
C:\Users\User\OneDrive\Desktop\Project_graphics\Hall_Design_OpengL3.3\main.cpp(302,18): warning C4305: 'initializing': truncation from 'double' to '_Ty'
          with
          [
              _Ty=float
          ]
C:\Users\User\OneDrive\Desktop\Project_graphics\Hall_Design_OpengL3.3\main.cpp(303,2): warning C4305: 'initializing': truncation from 'double' to '_Ty'
          with
          [
              _Ty=float
          ]
C:\Users\User\OneDrive\Desktop\Project_graphics\Hall_Design_OpengL3.3\main.cpp(303,10): warning C4305: 'initializing': truncation from 'double' to '_Ty'
          with
          [
              _Ty=float
          ]
C:\Users\User\OneDrive\Desktop\Project_graphics\Hall_Design_OpengL3.3\main.cpp(303,18): warning C4305: 'initializing': truncation from 'double' to '_Ty'
          with
          [
              _Ty=float
          ]
C:\Users\User\OneDrive\Desktop\Project_graphics\Hall_Design_OpengL3.3\main.cpp(304,2): warning C4305: 'initializing': truncation from 'double' to '_Ty'
          with
          [
              _Ty=float
          ]
C:\Users\User\OneDrive\Desktop\Project_graphics\Hall_Design_OpengL3.3\main.cpp(304,10): warning C4305: 'initializing': truncation from 'double' to '_Ty'
          with
          [
              _Ty=float
          ]
C:\Users\User\OneDrive\Desktop\Project_graphics\Hall_Design_OpengL3.3\main.cpp(304,18): warning C4305: 'initializing': truncation from 'double' to '_Ty'
          with
          [
              _Ty=float
          ]
C:\Users\User\OneDrive\Desktop\Project_graphics\Hall_Design_OpengL3.3\main.cpp(305,2): warning C4305: 'initializing': truncation from 'double' to '_Ty'
          with
          [
              _Ty=float
          ]
C:\Users\User\OneDrive\Desktop\Project_graphics\Hall_Design_OpengL3.3\main.cpp(305,10): warning C4305: 'initializing': truncation from 'double' to '_Ty'
          with
          [
              _Ty=float
          ]
C:\Users\User\OneDrive\Desktop\Project_graphics\Hall_Design_OpengL3.3\main.cpp(305,18): warning C4305: 'initializing': truncation from 'double' to '_Ty'
          with
          [
              _Ty=float
          ]
C:\Users\User\OneDrive\Desktop\Project_graphics\Hall_Design_OpengL3.3\main.cpp(306,1): warning C4305: 'initializing': truncation from 'double' to '_Ty'
          with
          [
              _Ty=float
          ]
C:\Users\User\OneDrive\Desktop\Project_graphics\Hall_Design_OpengL3.3\main.cpp(306,9): warning C4305: 'initializing': truncation from 'double' to '_Ty'
          with
          [
              _Ty=float
          ]
C:\Users\User\OneDrive\Desktop\Project_graphics\Hall_Design_OpengL3.3\main.cpp(306,17): warning C4305: 'initializing': truncation from 'double' to '_Ty'
          with
          [
              _Ty=float
          ]
C:\Users\User\OneDrive\Desktop\Project_graphics\Hall_Design_OpengL3.3\main.cpp(307,1): warning C4305: 'initializing': truncation from 'double' to '_Ty'
          with
          [
              _Ty=float
          ]
C:\Users\User\OneDrive\Desktop\Project_graphics\Hall_Design_OpengL3.3\main.cpp(307,9): warning C4305: 'initializing': truncation from 'double' to '_Ty'
          with
          [
              _Ty=float
          ]
C:\Users\User\OneDrive\Desktop\Project_graphics\Hall_Design_OpengL3.3\main.cpp(307,17): warning C4305: 'initializing': truncation from 'double' to '_Ty'
          with
          [
              _Ty=float
          ]
C:\Users\User\OneDrive\Desktop\Project_graphics\Hall_Design_OpengL3.3\main.cpp(308,1): warning C4305: 'initializing': truncation from 'double' to '_Ty'
          with
          [
              _Ty=float
          ]
C:\Users\User\OneDrive\Desktop\Project_graphics\Hall_Design_OpengL3.3\main.cpp(308,9): warning C4305: 'initializing': truncation from 'double' to '_Ty'
          with
          [
              _Ty=float
          ]
C:\Users\User\OneDrive\Desktop\Project_graphics\Hall_Design_OpengL3.3\main.cpp(308,17): warning C4305: 'initializing': truncation from 'double' to '_Ty'
          with
          [
              _Ty=float
          ]
C:\Users\User\OneDrive\Desktop\Project_graphics\Hall_Design_OpengL3.3\main.cpp(312,2): warning C4305: 'initializing': truncation from 'double' to '_Ty'
          with
          [
              _Ty=float
          ]
C:\Users\User\OneDrive\Desktop\Project_graphics\Hall_Design_OpengL3.3\main.cpp(312,10): warning C4305: 'initializing': truncation from 'double' to '_Ty'
          with
          [
              _Ty=float
          ]
C:\Users\User\OneDrive\Desktop\Project_graphics\Hall_Design_OpengL3.3\main.cpp(312,18): warning C4305: 'initializing': truncation from 'double' to '_Ty'
          with
          [
              _Ty=float
          ]
C:\Users\User\OneDrive\Desktop\Project_graphics\Hall_Design_OpengL3.3\main.cpp(313,2): warning C4305: 'initializing': truncation from 'double' to '_Ty'
          with
          [
              _Ty=float
          ]
C:\Users\User\OneDrive\Desktop\Project_graphics\Hall_Design_OpengL3.3\main.cpp(313,10): warning C4305: 'initializing': truncation from 'double' to '_Ty'
          with
          [
              _Ty=float
          ]
C:\Users\User\OneDrive\Desktop\Project_graphics\Hall_Design_OpengL3.3\main.cpp(313,18): warning C4305: 'initializing': truncation from 'double' to '_Ty'
          with
          [
              _Ty=float
          ]
C:\Users\User\OneDrive\Desktop\Project_graphics\Hall_Design_OpengL3.3\main.cpp(314,2): warning C4305: 'initializing': truncation from 'double' to '_Ty'
          with
          [
              _Ty=float
          ]
C:\Users\User\OneDrive\Desktop\Project_graphics\Hall_Design_OpengL3.3\main.cpp(314,10): warning C4305: 'initializing': truncation from 'double' to '_Ty'
          with
          [
              _Ty=float
          ]
C:\Users\User\OneDrive\Desktop\Project_graphics\Hall_Design_OpengL3.3\main.cpp(314,18): warning C4305: 'initializing': truncation from 'double' to '_Ty'
          with
          [
              _Ty=float
          ]
C:\Users\User\OneDrive\Desktop\Project_graphics\Hall_Design_OpengL3.3\main.cpp(315,2): warning C4305: 'initializing': truncation from 'double' to '_Ty'
          with
          [
              _Ty=float
          ]
C:\Users\User\OneDrive\Desktop\Project_graphics\Hall_Design_OpengL3.3\main.cpp(315,10): warning C4305: 'initializing': truncation from 'double' to '_Ty'
          with
          [
              _Ty=float
          ]
C:\Users\User\OneDrive\Desktop\Project_graphics\Hall_Design_OpengL3.3\main.cpp(315,18): warning C4305: 'initializing': truncation from 'double' to '_Ty'
          with
          [
              _Ty=float
          ]
C:\Users\User\OneDrive\Desktop\Project_graphics\Hall_Design_OpengL3.3\main.cpp(316,2): warning C4305: 'initializing': truncation from 'double' to '_Ty'
          with
          [
              _Ty=float
          ]
C:\Users\User\OneDrive\Desktop\Project_graphics\Hall_Design_OpengL3.3\main.cpp(316,10): warning C4305: 'initializing': truncation from 'double' to '_Ty'
          with
          [
              _Ty=float
          ]
C:\Users\User\OneDrive\Desktop\Project_graphics\Hall_Design_OpengL3.3\main.cpp(316,18): warning C4305: 'initializing': truncation from 'double' to '_Ty'
          with
          [
              _Ty=float
          ]
C:\Users\User\OneDrive\Desktop\Project_graphics\Hall_Design_OpengL3.3\main.cpp(317,2): warning C4305: 'initializing': truncation from 'double' to '_Ty'
          with
          [
              _Ty=float
          ]
C:\Users\User\OneDrive\Desktop\Project_graphics\Hall_Design_OpengL3.3\main.cpp(317,10): warning C4305: 'initializing': truncation from 'double' to '_Ty'
          with
          [
              _Ty=float
          ]
C:\Users\User\OneDrive\Desktop\Project_graphics\Hall_Design_OpengL3.3\main.cpp(317,18): warning C4305: 'initializing': truncation from 'double' to '_Ty'
          with
          [
              _Ty=float
          ]
C:\Users\User\OneDrive\Desktop\Project_graphics\Hall_Design_OpengL3.3\main.cpp(318,2): warning C4305: 'initializing': truncation from 'double' to '_Ty'
          with
          [
              _Ty=float
          ]
C:\Users\User\OneDrive\Desktop\Project_graphics\Hall_Design_OpengL3.3\main.cpp(318,10): warning C4305: 'initializing': truncation from 'double' to '_Ty'
          with
          [
              _Ty=float
          ]
C:\Users\User\OneDrive\Desktop\Project_graphics\Hall_Design_OpengL3.3\main.cpp(318,18): warning C4305: 'initializing': truncation from 'double' to '_Ty'
          with
          [
              _Ty=float
          ]
C:\Users\User\OneDrive\Desktop\Project_graphics\Hall_Design_OpengL3.3\main.cpp(319,2): warning C4305: 'initializing': truncation from 'double' to '_Ty'
          with
          [
              _Ty=float
          ]
C:\Users\User\OneDrive\Desktop\Project_graphics\Hall_Design_OpengL3.3\main.cpp(319,10): warning C4305: 'initializing': truncation from 'double' to '_Ty'
          with
          [
              _Ty=float
          ]
C:\Users\User\OneDrive\Desktop\Project_graphics\Hall_Design_OpengL3.3\main.cpp(319,18): warning C4305: 'initializing': truncation from 'double' to '_Ty'
          with
          [
              _Ty=float
          ]
C:\Users\User\OneDrive\Desktop\Project_graphics\Hall_Design_OpengL3.3\main.cpp(320,2): warning C4305: 'initializing': truncation from 'double' to '_Ty'
          with
          [
              _Ty=float
          ]
C:\Users\User\OneDrive\Desktop\Project_graphics\Hall_Design_OpengL3.3\main.cpp(320,10): warning C4305: 'initializing': truncation from 'double' to '_Ty'
          with
          [
              _Ty=float
          ]
C:\Users\User\OneDrive\Desktop\Project_graphics\Hall_Design_OpengL3.3\main.cpp(320,18): warning C4305: 'initializing': truncation from 'double' to '_Ty'
          with
          [
              _Ty=float
          ]
C:\Users\User\OneDrive\Desktop\Project_graphics\Hall_Design_OpengL3.3\main.cpp(321,2): warning C4305: 'initializing': truncation from 'double' to '_Ty'
          with
          [
              _Ty=float
          ]
C:\Users\User\OneDrive\Desktop\Project_graphics\Hall_Design_OpengL3.3\main.cpp(321,10): warning C4305: 'initializing': truncation from 'double' to '_Ty'
          with
          [
              _Ty=float
          ]
C:\Users\User\OneDrive\Desktop\Project_graphics\Hall_Design_OpengL3.3\main.cpp(321,18): warning C4305: 'initializing': truncation from 'double' to '_Ty'
          with
          [
              _Ty=float
          ]
C:\Users\User\OneDrive\Desktop\Project_graphics\Hall_Design_OpengL3.3\main.cpp(322,2): warning C4305: 'initializing': truncation from 'double' to '_Ty'
          with
          [
              _Ty=float
          ]
C:\Users\User\OneDrive\Desktop\Project_graphics\Hall_Design_OpengL3.3\main.cpp(322,10): warning C4305: 'initializing': truncation from 'double' to '_Ty'
          with
          [
              _Ty=float
          ]
C:\Users\User\OneDrive\Desktop\Project_graphics\Hall_Design_OpengL3.3\main.cpp(322,18): warning C4305: 'initializing': truncation from 'double' to '_Ty'
          with
          [
              _Ty=float
          ]
C:\Users\User\OneDrive\Desktop\Project_graphics\Hall_Design_OpengL3.3\main.cpp(323,2): warning C4305: 'initializing': truncation from 'double' to '_Ty'
          with
          [
              _Ty=float
          ]
C:\Users\User\OneDrive\Desktop\Project_graphics\Hall_Design_OpengL3.3\main.cpp(323,10): warning C4305: 'initializing': truncation from 'double' to '_Ty'
          with
          [
              _Ty=float
          ]
C:\Users\User\OneDrive\Desktop\Project_graphics\Hall_Design_OpengL3.3\main.cpp(323,18): warning C4305: 'initializing': truncation from 'double' to '_Ty'
          with
          [
              _Ty=float
          ]
C:\Users\User\OneDrive\Desktop\Project_graphics\Hall_Design_OpengL3.3\main.cpp(324,2): warning C4305: 'initializing': truncation from 'double' to '_Ty'
          with
          [
              _Ty=float
          ]
C:\Users\User\OneDrive\Desktop\Project_graphics\Hall_Design_OpengL3.3\main.cpp(324,10): warning C4305: 'initializing': truncation from 'double' to '_Ty'
          with
          [
              _Ty=float
          ]
C:\Users\User\OneDrive\Desktop\Project_graphics\Hall_Design_OpengL3.3\main.cpp(324,18): warning C4305: 'initializing': truncation from 'double' to '_Ty'
          with
          [
              _Ty=float
          ]
C:\Users\User\OneDrive\Desktop\Project_graphics\Hall_Design_OpengL3.3\main.cpp(325,2): warning C4305: 'initializing': truncation from 'double' to '_Ty'
          with
          [
              _Ty=float
          ]
C:\Users\User\OneDrive\Desktop\Project_graphics\Hall_Design_OpengL3.3\main.cpp(325,10): warning C4305: 'initializing': truncation from 'double' to '_Ty'
          with
          [
              _Ty=float
          ]
C:\Users\User\OneDrive\Desktop\Project_graphics\Hall_Design_OpengL3.3\main.cpp(325,18): warning C4305: 'initializing': truncation from 'double' to '_Ty'
          with
          [
              _Ty=float
          ]
C:\Users\User\OneDrive\Desktop\Project_graphics\Hall_Design_OpengL3.3\main.cpp(326,2): warning C4305: 'initializing': truncation from 'double' to '_Ty'
          with
          [
              _Ty=float
          ]
C:\Users\User\OneDrive\Desktop\Project_graphics\Hall_Design_OpengL3.3\main.cpp(326,10): warning C4305: 'initializing': truncation from 'double' to '_Ty'
          with
          [
              _Ty=float
          ]
C:\Users\User\OneDrive\Desktop\Project_graphics\Hall_Design_OpengL3.3\main.cpp(326,18): warning C4305: 'initializing': truncation from 'double' to '_Ty'
          with
          [
              _Ty=float
          ]
C:\Users\User\OneDrive\Desktop\Project_graphics\Hall_Design_OpengL3.3\main.cpp(327,2): warning C4305: 'initializing': truncation from 'double' to '_Ty'
          with
          [
              _Ty=float
          ]
C:\Users\User\OneDrive\Desktop\Project_graphics\Hall_Design_OpengL3.3\main.cpp(327,10): warning C4305: 'initializing': truncation from 'double' to '_Ty'
          with
          [
              _Ty=float
          ]
C:\Users\User\OneDrive\Desktop\Project_graphics\Hall_Design_OpengL3.3\main.cpp(327,18): warning C4305: 'initializing': truncation from 'double' to '_Ty'
          with
          [
              _Ty=float
          ]
C:\Users\User\OneDrive\Desktop\Project_graphics\Hall_Design_OpengL3.3\main.cpp(328,2): warning C4305: 'initializing': truncation from 'double' to '_Ty'
          with
          [
              _Ty=float
          ]
C:\Users\User\OneDrive\Desktop\Project_graphics\Hall_Design_OpengL3.3\main.cpp(328,10): warning C4305: 'initializing': truncation from 'double' to '_Ty'
          with
          [
              _Ty=float
          ]
C:\Users\User\OneDrive\Desktop\Project_graphics\Hall_Design_OpengL3.3\main.cpp(328,18): warning C4305: 'initializing': truncation from 'double' to '_Ty'
          with
          [
              _Ty=float
          ]
C:\Users\User\OneDrive\Desktop\Project_graphics\Hall_Design_OpengL3.3\main.cpp(329,2): warning C4305: 'initializing': truncation from 'double' to '_Ty'
          with
          [
              _Ty=float
          ]
C:\Users\User\OneDrive\Desktop\Project_graphics\Hall_Design_OpengL3.3\main.cpp(329,10): warning C4305: 'initializing': truncation from 'double' to '_Ty'
          with
          [
              _Ty=float
          ]
C:\Users\User\OneDrive\Desktop\Project_graphics\Hall_Design_OpengL3.3\main.cpp(329,18): warning C4305: 'initializing': truncation from 'double' to '_Ty'
          with
          [
              _Ty=float
          ]
C:\Users\User\OneDrive\Desktop\Project_graphics\Hall_Design_OpengL3.3\main.cpp(330,2): warning C4305: 'initializing': truncation from 'double' to '_Ty'
          with
          [
              _Ty=float
          ]
C:\Users\User\OneDrive\Desktop\Project_graphics\Hall_Design_OpengL3.3\main.cpp(330,10): warning C4305: 'initializing': truncation from 'double' to '_Ty'
          with
          [
              _Ty=float
          ]
C:\Users\User\OneDrive\Desktop\Project_graphics\Hall_Design_OpengL3.3\main.cpp(330,18): warning C4305: 'initializing': truncation from 'double' to '_Ty'
          with
          [
              _Ty=float
          ]
C:\Users\User\OneDrive\Desktop\Project_graphics\Hall_Design_OpengL3.3\main.cpp(331,2): warning C4305: 'initializing': truncation from 'double' to '_Ty'
          with
          [
              _Ty=float
          ]
C:\Users\User\OneDrive\Desktop\Project_graphics\Hall_Design_OpengL3.3\main.cpp(331,10): warning C4305: 'initializing': truncation from 'double' to '_Ty'
          with
          [
              _Ty=float
          ]
C:\Users\User\OneDrive\Desktop\Project_graphics\Hall_Design_OpengL3.3\main.cpp(331,18): warning C4305: 'initializing': truncation from 'double' to '_Ty'
          with
          [
              _Ty=float
          ]
C:\Users\User\OneDrive\Desktop\Project_graphics\Hall_Design_OpengL3.3\main.cpp(332,2): warning C4305: 'initializing': truncation from 'double' to '_Ty'
          with
          [
              _Ty=float
          ]
C:\Users\User\OneDrive\Desktop\Project_graphics\Hall_Design_OpengL3.3\main.cpp(332,10): warning C4305: 'initializing': truncation from 'double' to '_Ty'
          with
          [
              _Ty=float
          ]
C:\Users\User\OneDrive\Desktop\Project_graphics\Hall_Design_OpengL3.3\main.cpp(332,18): warning C4305: 'initializing': truncation from 'double' to '_Ty'
          with
          [
              _Ty=float
          ]
C:\Users\User\OneDrive\Desktop\Project_graphics\Hall_Design_OpengL3.3\main.cpp(333,2): warning C4305: 'initializing': truncation from 'double' to '_Ty'
          with
          [
              _Ty=float
          ]
C:\Users\User\OneDrive\Desktop\Project_graphics\Hall_Design_OpengL3.3\main.cpp(333,11): warning C4305: 'initializing': truncation from 'double' to '_Ty'
          with
          [
              _Ty=float
          ]
C:\Users\User\OneDrive\Desktop\Project_graphics\Hall_Design_OpengL3.3\main.cpp(333,19): warning C4305: 'initializing': truncation from 'double' to '_Ty'
          with
          [
              _Ty=float
          ]
C:\Users\User\OneDrive\Desktop\Project_graphics\Hall_Design_OpengL3.3\main.cpp(334,2): warning C4305: 'initializing': truncation from 'double' to '_Ty'
          with
          [
              _Ty=float
          ]
C:\Users\User\OneDrive\Desktop\Project_graphics\Hall_Design_OpengL3.3\main.cpp(334,11): warning C4305: 'initializing': truncation from 'double' to '_Ty'
          with
          [
              _Ty=float
          ]
C:\Users\User\OneDrive\Desktop\Project_graphics\Hall_Design_OpengL3.3\main.cpp(334,19): warning C4305: 'initializing': truncation from 'double' to '_Ty'
          with
          [
              _Ty=float
          ]
C:\Users\User\OneDrive\Desktop\Project_graphics\Hall_Design_OpengL3.3\main.cpp(338,2): warning C4305: 'initializing': truncation from 'double' to '_Ty'
          with
          [
              _Ty=float
          ]
C:\Users\User\OneDrive\Desktop\Project_graphics\Hall_Design_OpengL3.3\main.cpp(338,10): warning C4305: 'initializing': truncation from 'double' to '_Ty'
          with
          [
              _Ty=float
          ]
C:\Users\User\OneDrive\Desktop\Project_graphics\Hall_Design_OpengL3.3\main.cpp(338,18): warning C4305: 'initializing': truncation from 'double' to '_Ty'
          with
          [
              _Ty=float
          ]
C:\Users\User\OneDrive\Desktop\Project_graphics\Hall_Design_OpengL3.3\main.cpp(339,2): warning C4305: 'initializing': truncation from 'double' to '_Ty'
          with
          [
              _Ty=float
          ]
C:\Users\User\OneDrive\Desktop\Project_graphics\Hall_Design_OpengL3.3\main.cpp(339,10): warning C4305: 'initializing': truncation from 'double' to '_Ty'
          with
          [
              _Ty=float
          ]
C:\Users\User\OneDrive\Desktop\Project_graphics\Hall_Design_OpengL3.3\main.cpp(339,18): warning C4305: 'initializing': truncation from 'double' to '_Ty'
          with
          [
              _Ty=float
          ]
C:\Users\User\OneDrive\Desktop\Project_graphics\Hall_Design_OpengL3.3\main.cpp(340,2): warning C4305: 'initializing': truncation from 'double' to '_Ty'
          with
          [
              _Ty=float
          ]
C:\Users\User\OneDrive\Desktop\Project_graphics\Hall_Design_OpengL3.3\main.cpp(340,10): warning C4305: 'initializing': truncation from 'double' to '_Ty'
          with
          [
              _Ty=float
          ]
C:\Users\User\OneDrive\Desktop\Project_graphics\Hall_Design_OpengL3.3\main.cpp(340,18): warning C4305: 'initializing': truncation from 'double' to '_Ty'
          with
          [
              _Ty=float
          ]
C:\Users\User\OneDrive\Desktop\Project_graphics\Hall_Design_OpengL3.3\main.cpp(341,2): warning C4305: 'initializing': truncation from 'double' to '_Ty'
          with
          [
              _Ty=float
          ]
C:\Users\User\OneDrive\Desktop\Project_graphics\Hall_Design_OpengL3.3\main.cpp(341,10): warning C4305: 'initializing': truncation from 'double' to '_Ty'
          with
          [
              _Ty=float
          ]
C:\Users\User\OneDrive\Desktop\Project_graphics\Hall_Design_OpengL3.3\main.cpp(341,18): warning C4305: 'initializing': truncation from 'double' to '_Ty'
          with
          [
              _Ty=float
          ]
C:\Users\User\OneDrive\Desktop\Project_graphics\Hall_Design_OpengL3.3\main.cpp(342,2): warning C4305: 'initializing': truncation from 'double' to '_Ty'
          with
          [
              _Ty=float
          ]
C:\Users\User\OneDrive\Desktop\Project_graphics\Hall_Design_OpengL3.3\main.cpp(342,10): warning C4305: 'initializing': truncation from 'double' to '_Ty'
          with
          [
              _Ty=float
          ]
C:\Users\User\OneDrive\Desktop\Project_graphics\Hall_Design_OpengL3.3\main.cpp(342,18): warning C4305: 'initializing': truncation from 'double' to '_Ty'
          with
          [
              _Ty=float
          ]
C:\Users\User\OneDrive\Desktop\Project_graphics\Hall_Design_OpengL3.3\main.cpp(343,2): warning C4305: 'initializing': truncation from 'double' to '_Ty'
          with
          [
              _Ty=float
          ]
C:\Users\User\OneDrive\Desktop\Project_graphics\Hall_Design_OpengL3.3\main.cpp(343,10): warning C4305: 'initializing': truncation from 'double' to '_Ty'
          with
          [
              _Ty=float
          ]
C:\Users\User\OneDrive\Desktop\Project_graphics\Hall_Design_OpengL3.3\main.cpp(343,18): warning C4305: 'initializing': truncation from 'double' to '_Ty'
          with
          [
              _Ty=float
          ]
C:\Users\User\OneDrive\Desktop\Project_graphics\Hall_Design_OpengL3.3\main.cpp(344,2): warning C4305: 'initializing': truncation from 'double' to '_Ty'
          with
          [
              _Ty=float
          ]
C:\Users\User\OneDrive\Desktop\Project_graphics\Hall_Design_OpengL3.3\main.cpp(344,10): warning C4305: 'initializing': truncation from 'double' to '_Ty'
          with
          [
              _Ty=float
          ]
C:\Users\User\OneDrive\Desktop\Project_graphics\Hall_Design_OpengL3.3\main.cpp(344,18): warning C4305: 'initializing': truncation from 'double' to '_Ty'
          with
          [
              _Ty=float
          ]
C:\Users\User\OneDrive\Desktop\Project_graphics\Hall_Design_OpengL3.3\main.cpp(345,10): warning C4305: 'initializing': truncation from 'double' to '_Ty'
          with
          [
              _Ty=float
          ]
C:\Users\User\OneDrive\Desktop\Project_graphics\Hall_Design_OpengL3.3\main.cpp(345,18): warning C4305: 'initializing': truncation from 'double' to '_Ty'
          with
          [
              _Ty=float
          ]
C:\Users\User\OneDrive\Desktop\Project_graphics\Hall_Design_OpengL3.3\main.cpp(346,2): warning C4305: 'initializing': truncation from 'double' to '_Ty'
          with
          [
              _Ty=float
          ]
C:\Users\User\OneDrive\Desktop\Project_graphics\Hall_Design_OpengL3.3\main.cpp(346,10): warning C4305: 'initializing': truncation from 'double' to '_Ty'
          with
          [
              _Ty=float
          ]
C:\Users\User\OneDrive\Desktop\Project_graphics\Hall_Design_OpengL3.3\main.cpp(346,18): warning C4305: 'initializing': truncation from 'double' to '_Ty'
          with
          [
              _Ty=float
          ]
C:\Users\User\OneDrive\Desktop\Project_graphics\Hall_Design_OpengL3.3\main.cpp(347,2): warning C4305: 'initializing': truncation from 'double' to '_Ty'
          with
          [
              _Ty=float
          ]
C:\Users\User\OneDrive\Desktop\Project_graphics\Hall_Design_OpengL3.3\main.cpp(347,10): warning C4305: 'initializing': truncation from 'double' to '_Ty'
          with
          [
              _Ty=float
          ]
C:\Users\User\OneDrive\Desktop\Project_graphics\Hall_Design_OpengL3.3\main.cpp(347,18): warning C4305: 'initializing': truncation from 'double' to '_Ty'
          with
          [
              _Ty=float
          ]
C:\Users\User\OneDrive\Desktop\Project_graphics\Hall_Design_OpengL3.3\main.cpp(348,2): warning C4305: 'initializing': truncation from 'double' to '_Ty'
          with
          [
              _Ty=float
          ]
C:\Users\User\OneDrive\Desktop\Project_graphics\Hall_Design_OpengL3.3\main.cpp(348,10): warning C4305: 'initializing': truncation from 'double' to '_Ty'
          with
          [
              _Ty=float
          ]
C:\Users\User\OneDrive\Desktop\Project_graphics\Hall_Design_OpengL3.3\main.cpp(348,18): warning C4305: 'initializing': truncation from 'double' to '_Ty'
          with
          [
              _Ty=float
          ]
C:\Users\User\OneDrive\Desktop\Project_graphics\Hall_Design_OpengL3.3\main.cpp(349,2): warning C4305: 'initializing': truncation from 'double' to '_Ty'
          with
          [
              _Ty=float
          ]
C:\Users\User\OneDrive\Desktop\Project_graphics\Hall_Design_OpengL3.3\main.cpp(349,10): warning C4305: 'initializing': truncation from 'double' to '_Ty'
          with
          [
              _Ty=float
          ]
C:\Users\User\OneDrive\Desktop\Project_graphics\Hall_Design_OpengL3.3\main.cpp(349,18): warning C4305: 'initializing': truncation from 'double' to '_Ty'
          with
          [
              _Ty=float
          ]
C:\Users\User\OneDrive\Desktop\Project_graphics\Hall_Design_OpengL3.3\main.cpp(350,2): warning C4305: 'initializing': truncation from 'double' to '_Ty'
          with
          [
              _Ty=float
          ]
C:\Users\User\OneDrive\Desktop\Project_graphics\Hall_Design_OpengL3.3\main.cpp(350,10): warning C4305: 'initializing': truncation from 'double' to '_Ty'
          with
          [
              _Ty=float
          ]
C:\Users\User\OneDrive\Desktop\Project_graphics\Hall_Design_OpengL3.3\main.cpp(350,18): warning C4305: 'initializing': truncation from 'double' to '_Ty'
          with
          [
              _Ty=float
          ]
C:\Users\User\OneDrive\Desktop\Project_graphics\Hall_Design_OpengL3.3\main.cpp(351,2): warning C4305: 'initializing': truncation from 'double' to '_Ty'
          with
          [
              _Ty=float
          ]
C:\Users\User\OneDrive\Desktop\Project_graphics\Hall_Design_OpengL3.3\main.cpp(351,10): warning C4305: 'initializing': truncation from 'double' to '_Ty'
          with
          [
              _Ty=float
          ]
C:\Users\User\OneDrive\Desktop\Project_graphics\Hall_Design_OpengL3.3\main.cpp(351,18): warning C4305: 'initializing': truncation from 'double' to '_Ty'
          with
          [
              _Ty=float
          ]
C:\Users\User\OneDrive\Desktop\Project_graphics\Hall_Design_OpengL3.3\main.cpp(352,2): warning C4305: 'initializing': truncation from 'double' to '_Ty'
          with
          [
              _Ty=float
          ]
C:\Users\User\OneDrive\Desktop\Project_graphics\Hall_Design_OpengL3.3\main.cpp(352,10): warning C4305: 'initializing': truncation from 'double' to '_Ty'
          with
          [
              _Ty=float
          ]
C:\Users\User\OneDrive\Desktop\Project_graphics\Hall_Design_OpengL3.3\main.cpp(352,18): warning C4305: 'initializing': truncation from 'double' to '_Ty'
          with
          [
              _Ty=float
          ]
C:\Users\User\OneDrive\Desktop\Project_graphics\Hall_Design_OpengL3.3\main.cpp(353,2): warning C4305: 'initializing': truncation from 'double' to '_Ty'
          with
          [
              _Ty=float
          ]
C:\Users\User\OneDrive\Desktop\Project_graphics\Hall_Design_OpengL3.3\main.cpp(353,10): warning C4305: 'initializing': truncation from 'double' to '_Ty'
          with
          [
              _Ty=float
          ]
C:\Users\User\OneDrive\Desktop\Project_graphics\Hall_Design_OpengL3.3\main.cpp(353,18): warning C4305: 'initializing': truncation from 'double' to '_Ty'
          with
          [
              _Ty=float
          ]
C:\Users\User\OneDrive\Desktop\Project_graphics\Hall_Design_OpengL3.3\main.cpp(354,2): warning C4305: 'initializing': truncation from 'double' to '_Ty'
          with
          [
              _Ty=float
          ]
C:\Users\User\OneDrive\Desktop\Project_graphics\Hall_Design_OpengL3.3\main.cpp(354,10): warning C4305: 'initializing': truncation from 'double' to '_Ty'
          with
          [
              _Ty=float
          ]
C:\Users\User\OneDrive\Desktop\Project_graphics\Hall_Design_OpengL3.3\main.cpp(354,18): warning C4305: 'initializing': truncation from 'double' to '_Ty'
          with
          [
              _Ty=float
          ]
C:\Users\User\OneDrive\Desktop\Project_graphics\Hall_Design_OpengL3.3\main.cpp(355,2): warning C4305: 'initializing': truncation from 'double' to '_Ty'
          with
          [
              _Ty=float
          ]
C:\Users\User\OneDrive\Desktop\Project_graphics\Hall_Design_OpengL3.3\main.cpp(355,10): warning C4305: 'initializing': truncation from 'double' to '_Ty'
          with
          [
              _Ty=float
          ]
C:\Users\User\OneDrive\Desktop\Project_graphics\Hall_Design_OpengL3.3\main.cpp(355,18): warning C4305: 'initializing': truncation from 'double' to '_Ty'
          with
          [
              _Ty=float
          ]
C:\Users\User\OneDrive\Desktop\Project_graphics\Hall_Design_OpengL3.3\main.cpp(356,2): warning C4305: 'initializing': truncation from 'double' to '_Ty'
          with
          [
              _Ty=float
          ]
C:\Users\User\OneDrive\Desktop\Project_graphics\Hall_Design_OpengL3.3\main.cpp(356,10): warning C4305: 'initializing': truncation from 'double' to '_Ty'
          with
          [
              _Ty=float
          ]
C:\Users\User\OneDrive\Desktop\Project_graphics\Hall_Design_OpengL3.3\main.cpp(356,18): warning C4305: 'initializing': truncation from 'double' to '_Ty'
          with
          [
              _Ty=float
          ]
C:\Users\User\OneDrive\Desktop\Project_graphics\Hall_Design_OpengL3.3\main.cpp(357,2): warning C4305: 'initializing': truncation from 'double' to '_Ty'
          with
          [
              _Ty=float
          ]
C:\Users\User\OneDrive\Desktop\Project_graphics\Hall_Design_OpengL3.3\main.cpp(357,10): warning C4305: 'initializing': truncation from 'double' to '_Ty'
          with
          [
              _Ty=float
          ]
C:\Users\User\OneDrive\Desktop\Project_graphics\Hall_Design_OpengL3.3\main.cpp(357,18): warning C4305: 'initializing': truncation from 'double' to '_Ty'
          with
          [
              _Ty=float
          ]
C:\Users\User\OneDrive\Desktop\Project_graphics\Hall_Design_OpengL3.3\main.cpp(358,2): warning C4305: 'initializing': truncation from 'double' to '_Ty'
          with
          [
              _Ty=float
          ]
C:\Users\User\OneDrive\Desktop\Project_graphics\Hall_Design_OpengL3.3\main.cpp(358,10): warning C4305: 'initializing': truncation from 'double' to '_Ty'
          with
          [
              _Ty=float
          ]
C:\Users\User\OneDrive\Desktop\Project_graphics\Hall_Design_OpengL3.3\main.cpp(358,18): warning C4305: 'initializing': truncation from 'double' to '_Ty'
          with
          [
              _Ty=float
          ]
C:\Users\User\OneDrive\Desktop\Project_graphics\Hall_Design_OpengL3.3\main.cpp(359,2): warning C4305: 'initializing': truncation from 'double' to '_Ty'
          with
          [
              _Ty=float
          ]
C:\Users\User\OneDrive\Desktop\Project_graphics\Hall_Design_OpengL3.3\main.cpp(359,10): warning C4305: 'initializing': truncation from 'double' to '_Ty'
          with
          [
              _Ty=float
          ]
C:\Users\User\OneDrive\Desktop\Project_graphics\Hall_Design_OpengL3.3\main.cpp(359,18): warning C4305: 'initializing': truncation from 'double' to '_Ty'
          with
          [
              _Ty=float
          ]
C:\Users\User\OneDrive\Desktop\Project_graphics\Hall_Design_OpengL3.3\main.cpp(360,2): warning C4305: 'initializing': truncation from 'double' to '_Ty'
          with
          [
              _Ty=float
          ]
C:\Users\User\OneDrive\Desktop\Project_graphics\Hall_Design_OpengL3.3\main.cpp(360,10): warning C4305: 'initializing': truncation from 'double' to '_Ty'
          with
          [
              _Ty=float
          ]
C:\Users\User\OneDrive\Desktop\Project_graphics\Hall_Design_OpengL3.3\main.cpp(360,18): warning C4305: 'initializing': truncation from 'double' to '_Ty'
          with
          [
              _Ty=float
          ]
C:\Users\User\OneDrive\Desktop\Project_graphics\Hall_Design_OpengL3.3\main.cpp(361,2): warning C4305: 'initializing': truncation from 'double' to '_Ty'
          with
          [
              _Ty=float
          ]
C:\Users\User\OneDrive\Desktop\Project_graphics\Hall_Design_OpengL3.3\main.cpp(361,10): warning C4305: 'initializing': truncation from 'double' to '_Ty'
          with
          [
              _Ty=float
          ]
C:\Users\User\OneDrive\Desktop\Project_graphics\Hall_Design_OpengL3.3\main.cpp(361,18): warning C4305: 'initializing': truncation from 'double' to '_Ty'
          with
          [
              _Ty=float
          ]
C:\Users\User\OneDrive\Desktop\Project_graphics\Hall_Design_OpengL3.3\main.cpp(362,2): warning C4305: 'initializing': truncation from 'double' to '_Ty'
          with
          [
              _Ty=float
          ]
C:\Users\User\OneDrive\Desktop\Project_graphics\Hall_Design_OpengL3.3\main.cpp(362,10): warning C4305: 'initializing': truncation from 'double' to '_Ty'
          with
          [
              _Ty=float
          ]
C:\Users\User\OneDrive\Desktop\Project_graphics\Hall_Design_OpengL3.3\main.cpp(362,18): warning C4305: 'initializing': truncation from 'double' to '_Ty'
          with
          [
              _Ty=float
          ]
C:\Users\User\OneDrive\Desktop\Project_graphics\Hall_Design_OpengL3.3\main.cpp(363,2): warning C4305: 'initializing': truncation from 'double' to '_Ty'
          with
          [
              _Ty=float
          ]
C:\Users\User\OneDrive\Desktop\Project_graphics\Hall_Design_OpengL3.3\main.cpp(363,10): warning C4305: 'initializing': truncation from 'double' to '_Ty'
          with
          [
              _Ty=float
          ]
C:\Users\User\OneDrive\Desktop\Project_graphics\Hall_Design_OpengL3.3\main.cpp(363,18): warning C4305: 'initializing': truncation from 'double' to '_Ty'
          with
          [
              _Ty=float
          ]
C:\Users\User\OneDrive\Desktop\Project_graphics\Hall_Design_OpengL3.3\main.cpp(364,18): warning C4305: 'initializing': truncation from 'double' to '_Ty'
          with
          [
              _Ty=float
          ]
C:\Users\User\OneDrive\Desktop\Project_graphics\Hall_Design_OpengL3.3\main.cpp(365,2): warning C4305: 'initializing': truncation from 'double' to '_Ty'
          with
          [
              _Ty=float
          ]
C:\Users\User\OneDrive\Desktop\Project_graphics\Hall_Design_OpengL3.3\main.cpp(365,10): warning C4305: 'initializing': truncation from 'double' to '_Ty'
          with
          [
              _Ty=float
          ]
C:\Users\User\OneDrive\Desktop\Project_graphics\Hall_Design_OpengL3.3\main.cpp(365,18): warning C4305: 'initializing': truncation from 'double' to '_Ty'
          with
          [
              _Ty=float
          ]
C:\Users\User\OneDrive\Desktop\Project_graphics\Hall_Design_OpengL3.3\main.cpp(366,2): warning C4305: 'initializing': truncation from 'double' to '_Ty'
          with
          [
              _Ty=float
          ]
C:\Users\User\OneDrive\Desktop\Project_graphics\Hall_Design_OpengL3.3\main.cpp(366,10): warning C4305: 'initializing': truncation from 'double' to '_Ty'
          with
          [
              _Ty=float
          ]
C:\Users\User\OneDrive\Desktop\Project_graphics\Hall_Design_OpengL3.3\main.cpp(366,18): warning C4305: 'initializing': truncation from 'double' to '_Ty'
          with
          [
              _Ty=float
          ]
C:\Users\User\OneDrive\Desktop\Project_graphics\Hall_Design_OpengL3.3\main.cpp(370,2): warning C4305: 'initializing': truncation from 'double' to '_Ty'
          with
          [
              _Ty=float
          ]
C:\Users\User\OneDrive\Desktop\Project_graphics\Hall_Design_OpengL3.3\main.cpp(370,10): warning C4305: 'initializing': truncation from 'double' to '_Ty'
          with
          [
              _Ty=float
          ]
C:\Users\User\OneDrive\Desktop\Project_graphics\Hall_Design_OpengL3.3\main.cpp(370,18): warning C4305: 'initializing': truncation from 'double' to '_Ty'
          with
          [
              _Ty=float
          ]
C:\Users\User\OneDrive\Desktop\Project_graphics\Hall_Design_OpengL3.3\main.cpp(371,2): warning C4305: 'initializing': truncation from 'double' to '_Ty'
          with
          [
              _Ty=float
          ]
C:\Users\User\OneDrive\Desktop\Project_graphics\Hall_Design_OpengL3.3\main.cpp(371,10): warning C4305: 'initializing': truncation from 'double' to '_Ty'
          with
          [
              _Ty=float
          ]
C:\Users\User\OneDrive\Desktop\Project_graphics\Hall_Design_OpengL3.3\main.cpp(371,18): warning C4305: 'initializing': truncation from 'double' to '_Ty'
          with
          [
              _Ty=float
          ]
C:\Users\User\OneDrive\Desktop\Project_graphics\Hall_Design_OpengL3.3\main.cpp(372,2): warning C4305: 'initializing': truncation from 'double' to '_Ty'
          with
          [
              _Ty=float
          ]
C:\Users\User\OneDrive\Desktop\Project_graphics\Hall_Design_OpengL3.3\main.cpp(372,10): warning C4305: 'initializing': truncation from 'double' to '_Ty'
          with
          [
              _Ty=float
          ]
C:\Users\User\OneDrive\Desktop\Project_graphics\Hall_Design_OpengL3.3\main.cpp(372,18): warning C4305: 'initializing': truncation from 'double' to '_Ty'
          with
          [
              _Ty=float
          ]
C:\Users\User\OneDrive\Desktop\Project_graphics\Hall_Design_OpengL3.3\main.cpp(373,2): warning C4305: 'initializing': truncation from 'double' to '_Ty'
          with
          [
              _Ty=float
          ]
C:\Users\User\OneDrive\Desktop\Project_graphics\Hall_Design_OpengL3.3\main.cpp(373,10): warning C4305: 'initializing': truncation from 'double' to '_Ty'
          with
          [
              _Ty=float
          ]
C:\Users\User\OneDrive\Desktop\Project_graphics\Hall_Design_OpengL3.3\main.cpp(373,18): warning C4305: 'initializing': truncation from 'double' to '_Ty'
          with
          [
              _Ty=float
          ]
C:\Users\User\OneDrive\Desktop\Project_graphics\Hall_Design_OpengL3.3\main.cpp(374,10): warning C4305: 'initializing': truncation from 'double' to '_Ty'
          with
          [
              _Ty=float
          ]
C:\Users\User\OneDrive\Desktop\Project_graphics\Hall_Design_OpengL3.3\main.cpp(374,18): warning C4305: 'initializing': truncation from 'double' to '_Ty'
          with
          [
              _Ty=float
          ]
C:\Users\User\OneDrive\Desktop\Project_graphics\Hall_Design_OpengL3.3\main.cpp(375,2): warning C4305: 'initializing': truncation from 'double' to '_Ty'
          with
          [
              _Ty=float
          ]
C:\Users\User\OneDrive\Desktop\Project_graphics\Hall_Design_OpengL3.3\main.cpp(375,10): warning C4305: 'initializing': truncation from 'double' to '_Ty'
          with
          [
              _Ty=float
          ]
C:\Users\User\OneDrive\Desktop\Project_graphics\Hall_Design_OpengL3.3\main.cpp(375,18): warning C4305: 'initializing': truncation from 'double' to '_Ty'
          with
          [
              _Ty=float
          ]
C:\Users\User\OneDrive\Desktop\Project_graphics\Hall_Design_OpengL3.3\main.cpp(376,2): warning C4305: 'initializing': truncation from 'double' to '_Ty'
          with
          [
              _Ty=float
          ]
C:\Users\User\OneDrive\Desktop\Project_graphics\Hall_Design_OpengL3.3\main.cpp(376,10): warning C4305: 'initializing': truncation from 'double' to '_Ty'
          with
          [
              _Ty=float
          ]
C:\Users\User\OneDrive\Desktop\Project_graphics\Hall_Design_OpengL3.3\main.cpp(376,18): warning C4305: 'initializing': truncation from 'double' to '_Ty'
          with
          [
              _Ty=float
          ]
C:\Users\User\OneDrive\Desktop\Project_graphics\Hall_Design_OpengL3.3\main.cpp(377,2): warning C4305: 'initializing': truncation from 'double' to '_Ty'
          with
          [
              _Ty=float
          ]
C:\Users\User\OneDrive\Desktop\Project_graphics\Hall_Design_OpengL3.3\main.cpp(377,10): warning C4305: 'initializing': truncation from 'double' to '_Ty'
          with
          [
              _Ty=float
          ]
C:\Users\User\OneDrive\Desktop\Project_graphics\Hall_Design_OpengL3.3\main.cpp(377,18): warning C4305: 'initializing': truncation from 'double' to '_Ty'
          with
          [
              _Ty=float
          ]
C:\Users\User\OneDrive\Desktop\Project_graphics\Hall_Design_OpengL3.3\main.cpp(378,2): warning C4305: 'initializing': truncation from 'double' to '_Ty'
          with
          [
              _Ty=float
          ]
C:\Users\User\OneDrive\Desktop\Project_graphics\Hall_Design_OpengL3.3\main.cpp(378,10): warning C4305: 'initializing': truncation from 'double' to '_Ty'
          with
          [
              _Ty=float
          ]
C:\Users\User\OneDrive\Desktop\Project_graphics\Hall_Design_OpengL3.3\main.cpp(378,18): warning C4305: 'initializing': truncation from 'double' to '_Ty'
          with
          [
              _Ty=float
          ]
C:\Users\User\OneDrive\Desktop\Project_graphics\Hall_Design_OpengL3.3\main.cpp(379,2): warning C4305: 'initializing': truncation from 'double' to '_Ty'
          with
          [
              _Ty=float
          ]
C:\Users\User\OneDrive\Desktop\Project_graphics\Hall_Design_OpengL3.3\main.cpp(379,10): warning C4305: 'initializing': truncation from 'double' to '_Ty'
          with
          [
              _Ty=float
          ]
C:\Users\User\OneDrive\Desktop\Project_graphics\Hall_Design_OpengL3.3\main.cpp(379,18): warning C4305: 'initializing': truncation from 'double' to '_Ty'
          with
          [
              _Ty=float
          ]
C:\Users\User\OneDrive\Desktop\Project_graphics\Hall_Design_OpengL3.3\main.cpp(380,2): warning C4305: 'initializing': truncation from 'double' to '_Ty'
          with
          [
              _Ty=float
          ]
C:\Users\User\OneDrive\Desktop\Project_graphics\Hall_Design_OpengL3.3\main.cpp(380,10): warning C4305: 'initializing': truncation from 'double' to '_Ty'
          with
          [
              _Ty=float
          ]
C:\Users\User\OneDrive\Desktop\Project_graphics\Hall_Design_OpengL3.3\main.cpp(380,18): warning C4305: 'initializing': truncation from 'double' to '_Ty'
          with
          [
              _Ty=float
          ]
C:\Users\User\OneDrive\Desktop\Project_graphics\Hall_Design_OpengL3.3\main.cpp(381,2): warning C4305: 'initializing': truncation from 'double' to '_Ty'
          with
          [
              _Ty=float
          ]
C:\Users\User\OneDrive\Desktop\Project_graphics\Hall_Design_OpengL3.3\main.cpp(381,10): warning C4305: 'initializing': truncation from 'double' to '_Ty'
          with
          [
              _Ty=float
          ]
C:\Users\User\OneDrive\Desktop\Project_graphics\Hall_Design_OpengL3.3\main.cpp(381,18): warning C4305: 'initializing': truncation from 'double' to '_Ty'
          with
          [
              _Ty=float
          ]
C:\Users\User\OneDrive\Desktop\Project_graphics\Hall_Design_OpengL3.3\main.cpp(382,2): warning C4305: 'initializing': truncation from 'double' to '_Ty'
          with
          [
              _Ty=float
          ]
C:\Users\User\OneDrive\Desktop\Project_graphics\Hall_Design_OpengL3.3\main.cpp(382,10): warning C4305: 'initializing': truncation from 'double' to '_Ty'
          with
          [
              _Ty=float
          ]
C:\Users\User\OneDrive\Desktop\Project_graphics\Hall_Design_OpengL3.3\main.cpp(382,18): warning C4305: 'initializing': truncation from 'double' to '_Ty'
          with
          [
              _Ty=float
          ]
C:\Users\User\OneDrive\Desktop\Project_graphics\Hall_Design_OpengL3.3\main.cpp(383,2): warning C4305: 'initializing': truncation from 'double' to '_Ty'
          with
          [
              _Ty=float
          ]
C:\Users\User\OneDrive\Desktop\Project_graphics\Hall_Design_OpengL3.3\main.cpp(383,10): warning C4305: 'initializing': truncation from 'double' to '_Ty'
          with
          [
              _Ty=float
          ]
C:\Users\User\OneDrive\Desktop\Project_graphics\Hall_Design_OpengL3.3\main.cpp(383,18): warning C4305: 'initializing': truncation from 'double' to '_Ty'
          with
          [
              _Ty=float
          ]
C:\Users\User\OneDrive\Desktop\Project_graphics\Hall_Design_OpengL3.3\main.cpp(384,2): warning C4305: 'initializing': truncation from 'double' to '_Ty'
          with
          [
              _Ty=float
          ]
C:\Users\User\OneDrive\Desktop\Project_graphics\Hall_Design_OpengL3.3\main.cpp(384,10): warning C4305: 'initializing': truncation from 'double' to '_Ty'
          with
          [
              _Ty=float
          ]
C:\Users\User\OneDrive\Desktop\Project_graphics\Hall_Design_OpengL3.3\main.cpp(384,18): warning C4305: 'initializing': truncation from 'double' to '_Ty'
          with
          [
              _Ty=float
          ]
C:\Users\User\OneDrive\Desktop\Project_graphics\Hall_Design_OpengL3.3\main.cpp(385,2): warning C4305: 'initializing': truncation from 'double' to '_Ty'
          with
          [
              _Ty=float
          ]
C:\Users\User\OneDrive\Desktop\Project_graphics\Hall_Design_OpengL3.3\main.cpp(385,10): warning C4305: 'initializing': truncation from 'double' to '_Ty'
          with
          [
              _Ty=float
          ]
C:\Users\User\OneDrive\Desktop\Project_graphics\Hall_Design_OpengL3.3\main.cpp(385,18): warning C4305: 'initializing': truncation from 'double' to '_Ty'
          with
          [
              _Ty=float
          ]
C:\Users\User\OneDrive\Desktop\Project_graphics\Hall_Design_OpengL3.3\main.cpp(386,2): warning C4305: 'initializing': truncation from 'double' to '_Ty'
          with
          [
              _Ty=float
          ]
C:\Users\User\OneDrive\Desktop\Project_graphics\Hall_Design_OpengL3.3\main.cpp(386,10): warning C4305: 'initializing': truncation from 'double' to '_Ty'
          with
          [
              _Ty=float
          ]
C:\Users\User\OneDrive\Desktop\Project_graphics\Hall_Design_OpengL3.3\main.cpp(386,18): warning C4305: 'initializing': truncation from 'double' to '_Ty'
          with
          [
              _Ty=float
          ]
C:\Users\User\OneDrive\Desktop\Project_graphics\Hall_Design_OpengL3.3\main.cpp(387,2): warning C4305: 'initializing': truncation from 'double' to '_Ty'
          with
          [
              _Ty=float
          ]
C:\Users\User\OneDrive\Desktop\Project_graphics\Hall_Design_OpengL3.3\main.cpp(387,10): warning C4305: 'initializing': truncation from 'double' to '_Ty'
          with
          [
              _Ty=float
          ]
C:\Users\User\OneDrive\Desktop\Project_graphics\Hall_Design_OpengL3.3\main.cpp(387,18): warning C4305: 'initializing': truncation from 'double' to '_Ty'
          with
          [
              _Ty=float
          ]
C:\Users\User\OneDrive\Desktop\Project_graphics\Hall_Design_OpengL3.3\main.cpp(388,2): warning C4305: 'initializing': truncation from 'double' to '_Ty'
          with
          [
              _Ty=float
          ]
C:\Users\User\OneDrive\Desktop\Project_graphics\Hall_Design_OpengL3.3\main.cpp(388,10): warning C4305: 'initializing': truncation from 'double' to '_Ty'
          with
          [
              _Ty=float
          ]
C:\Users\User\OneDrive\Desktop\Project_graphics\Hall_Design_OpengL3.3\main.cpp(388,18): warning C4305: 'initializing': truncation from 'double' to '_Ty'
          with
          [
              _Ty=float
          ]
C:\Users\User\OneDrive\Desktop\Project_graphics\Hall_Design_OpengL3.3\main.cpp(391,1): warning C4305: 'initializing': truncation from 'double' to '_Ty'
          with
          [
              _Ty=float
          ]
C:\Users\User\OneDrive\Desktop\Project_graphics\Hall_Design_OpengL3.3\main.cpp(391,9): warning C4305: 'initializing': truncation from 'double' to '_Ty'
          with
          [
              _Ty=float
          ]
C:\Users\User\OneDrive\Desktop\Project_graphics\Hall_Design_OpengL3.3\main.cpp(391,17): warning C4305: 'initializing': truncation from 'double' to '_Ty'
          with
          [
              _Ty=float
          ]
C:\Users\User\OneDrive\Desktop\Project_graphics\Hall_Design_OpengL3.3\main.cpp(392,2): warning C4305: 'initializing': truncation from 'double' to '_Ty'
          with
          [
              _Ty=float
          ]
C:\Users\User\OneDrive\Desktop\Project_graphics\Hall_Design_OpengL3.3\main.cpp(392,10): warning C4305: 'initializing': truncation from 'double' to '_Ty'
          with
          [
              _Ty=float
          ]
C:\Users\User\OneDrive\Desktop\Project_graphics\Hall_Design_OpengL3.3\main.cpp(392,18): warning C4305: 'initializing': truncation from 'double' to '_Ty'
          with
          [
              _Ty=float
          ]
C:\Users\User\OneDrive\Desktop\Project_graphics\Hall_Design_OpengL3.3\main.cpp(393,2): warning C4305: 'initializing': truncation from 'double' to '_Ty'
          with
          [
              _Ty=float
          ]
C:\Users\User\OneDrive\Desktop\Project_graphics\Hall_Design_OpengL3.3\main.cpp(393,10): warning C4305: 'initializing': truncation from 'double' to '_Ty'
          with
          [
              _Ty=float
          ]
C:\Users\User\OneDrive\Desktop\Project_graphics\Hall_Design_OpengL3.3\main.cpp(393,18): warning C4305: 'initializing': truncation from 'double' to '_Ty'
          with
          [
              _Ty=float
          ]
C:\Users\User\OneDrive\Desktop\Project_graphics\Hall_Design_OpengL3.3\main.cpp(394,2): warning C4305: 'initializing': truncation from 'double' to '_Ty'
          with
          [
              _Ty=float
          ]
C:\Users\User\OneDrive\Desktop\Project_graphics\Hall_Design_OpengL3.3\main.cpp(394,10): warning C4305: 'initializing': truncation from 'double' to '_Ty'
          with
          [
              _Ty=float
          ]
C:\Users\User\OneDrive\Desktop\Project_graphics\Hall_Design_OpengL3.3\main.cpp(394,18): warning C4305: 'initializing': truncation from 'double' to '_Ty'
          with
          [
              _Ty=float
          ]
C:\Users\User\OneDrive\Desktop\Project_graphics\Hall_Design_OpengL3.3\main.cpp(395,2): warning C4305: 'initializing': truncation from 'double' to '_Ty'
          with
          [
              _Ty=float
          ]
C:\Users\User\OneDrive\Desktop\Project_graphics\Hall_Design_OpengL3.3\main.cpp(395,10): warning C4305: 'initializing': truncation from 'double' to '_Ty'
          with
          [
              _Ty=float
          ]
C:\Users\User\OneDrive\Desktop\Project_graphics\Hall_Design_OpengL3.3\main.cpp(395,18): warning C4305: 'initializing': truncation from 'double' to '_Ty'
          with
          [
              _Ty=float
          ]
C:\Users\User\OneDrive\Desktop\Project_graphics\Hall_Design_OpengL3.3\main.cpp(396,2): warning C4305: 'initializing': truncation from 'double' to '_Ty'
          with
          [
              _Ty=float
          ]
C:\Users\User\OneDrive\Desktop\Project_graphics\Hall_Design_OpengL3.3\main.cpp(396,10): warning C4305: 'initializing': truncation from 'double' to '_Ty'
          with
          [
              _Ty=float
          ]
C:\Users\User\OneDrive\Desktop\Project_graphics\Hall_Design_OpengL3.3\main.cpp(396,18): warning C4305: 'initializing': truncation from 'double' to '_Ty'
          with
          [
              _Ty=float
          ]
C:\Users\User\OneDrive\Desktop\Project_graphics\Hall_Design_OpengL3.3\main.cpp(397,2): warning C4305: 'initializing': truncation from 'double' to '_Ty'
          with
          [
              _Ty=float
          ]
C:\Users\User\OneDrive\Desktop\Project_graphics\Hall_Design_OpengL3.3\main.cpp(397,10): warning C4305: 'initializing': truncation from 'double' to '_Ty'
          with
          [
              _Ty=float
          ]
C:\Users\User\OneDrive\Desktop\Project_graphics\Hall_Design_OpengL3.3\main.cpp(397,18): warning C4305: 'initializing': truncation from 'double' to '_Ty'
          with
          [
              _Ty=float
          ]
C:\Users\User\OneDrive\Desktop\Project_graphics\Hall_Design_OpengL3.3\main.cpp(398,10): warning C4305: 'initializing': truncation from 'double' to '_Ty'
          with
          [
              _Ty=float
          ]
C:\Users\User\OneDrive\Desktop\Project_graphics\Hall_Design_OpengL3.3\main.cpp(398,18): warning C4305: 'initializing': truncation from 'double' to '_Ty'
          with
          [
              _Ty=float
          ]
C:\Users\User\OneDrive\Desktop\Project_graphics\Hall_Design_OpengL3.3\main.cpp(399,2): warning C4305: 'initializing': truncation from 'double' to '_Ty'
          with
          [
              _Ty=float
          ]
C:\Users\User\OneDrive\Desktop\Project_graphics\Hall_Design_OpengL3.3\main.cpp(399,10): warning C4305: 'initializing': truncation from 'double' to '_Ty'
          with
          [
              _Ty=float
          ]
C:\Users\User\OneDrive\Desktop\Project_graphics\Hall_Design_OpengL3.3\main.cpp(399,18): warning C4305: 'initializing': truncation from 'double' to '_Ty'
          with
          [
              _Ty=float
          ]
C:\Users\User\OneDrive\Desktop\Project_graphics\Hall_Design_OpengL3.3\main.cpp(400,2): warning C4305: 'initializing': truncation from 'double' to '_Ty'
          with
          [
              _Ty=float
          ]
C:\Users\User\OneDrive\Desktop\Project_graphics\Hall_Design_OpengL3.3\main.cpp(400,10): warning C4305: 'initializing': truncation from 'double' to '_Ty'
          with
          [
              _Ty=float
          ]
C:\Users\User\OneDrive\Desktop\Project_graphics\Hall_Design_OpengL3.3\main.cpp(400,18): warning C4305: 'initializing': truncation from 'double' to '_Ty'
          with
          [
              _Ty=float
          ]
C:\Users\User\OneDrive\Desktop\Project_graphics\Hall_Design_OpengL3.3\main.cpp(401,2): warning C4305: 'initializing': truncation from 'double' to '_Ty'
          with
          [
              _Ty=float
          ]
C:\Users\User\OneDrive\Desktop\Project_graphics\Hall_Design_OpengL3.3\main.cpp(401,10): warning C4305: 'initializing': truncation from 'double' to '_Ty'
          with
          [
              _Ty=float
          ]
C:\Users\User\OneDrive\Desktop\Project_graphics\Hall_Design_OpengL3.3\main.cpp(401,18): warning C4305: 'initializing': truncation from 'double' to '_Ty'
          with
          [
              _Ty=float
          ]
C:\Users\User\OneDrive\Desktop\Project_graphics\Hall_Design_OpengL3.3\main.cpp(402,2): warning C4305: 'initializing': truncation from 'double' to '_Ty'
          with
          [
              _Ty=float
          ]
C:\Users\User\OneDrive\Desktop\Project_graphics\Hall_Design_OpengL3.3\main.cpp(402,10): warning C4305: 'initializing': truncation from 'double' to '_Ty'
          with
          [
              _Ty=float
          ]
C:\Users\User\OneDrive\Desktop\Project_graphics\Hall_Design_OpengL3.3\main.cpp(402,18): warning C4305: 'initializing': truncation from 'double' to '_Ty'
          with
          [
              _Ty=float
          ]
C:\Users\User\OneDrive\Desktop\Project_graphics\Hall_Design_OpengL3.3\main.cpp(403,2): warning C4305: 'initializing': truncation from 'double' to '_Ty'
          with
          [
              _Ty=float
          ]
C:\Users\User\OneDrive\Desktop\Project_graphics\Hall_Design_OpengL3.3\main.cpp(403,10): warning C4305: 'initializing': truncation from 'double' to '_Ty'
          with
          [
              _Ty=float
          ]
C:\Users\User\OneDrive\Desktop\Project_graphics\Hall_Design_OpengL3.3\main.cpp(403,18): warning C4305: 'initializing': truncation from 'double' to '_Ty'
          with
          [
              _Ty=float
          ]
C:\Users\User\OneDrive\Desktop\Project_graphics\Hall_Design_OpengL3.3\main.cpp(404,2): warning C4305: 'initializing': truncation from 'double' to '_Ty'
          with
          [
              _Ty=float
          ]
C:\Users\User\OneDrive\Desktop\Project_graphics\Hall_Design_OpengL3.3\main.cpp(404,10): warning C4305: 'initializing': truncation from 'double' to '_Ty'
          with
          [
              _Ty=float
          ]
C:\Users\User\OneDrive\Desktop\Project_graphics\Hall_Design_OpengL3.3\main.cpp(404,18): warning C4305: 'initializing': truncation from 'double' to '_Ty'
          with
          [
              _Ty=float
          ]
C:\Users\User\OneDrive\Desktop\Project_graphics\Hall_Design_OpengL3.3\main.cpp(405,2): warning C4305: 'initializing': truncation from 'double' to '_Ty'
          with
          [
              _Ty=float
          ]
C:\Users\User\OneDrive\Desktop\Project_graphics\Hall_Design_OpengL3.3\main.cpp(405,10): warning C4305: 'initializing': truncation from 'double' to '_Ty'
          with
          [
              _Ty=float
          ]
C:\Users\User\OneDrive\Desktop\Project_graphics\Hall_Design_OpengL3.3\main.cpp(405,18): warning C4305: 'initializing': truncation from 'double' to '_Ty'
          with
          [
              _Ty=float
          ]
C:\Users\User\OneDrive\Desktop\Project_graphics\Hall_Design_OpengL3.3\main.cpp(406,2): warning C4305: 'initializing': truncation from 'double' to '_Ty'
          with
          [
              _Ty=float
          ]
C:\Users\User\OneDrive\Desktop\Project_graphics\Hall_Design_OpengL3.3\main.cpp(406,10): warning C4305: 'initializing': truncation from 'double' to '_Ty'
          with
          [
              _Ty=float
          ]
C:\Users\User\OneDrive\Desktop\Project_graphics\Hall_Design_OpengL3.3\main.cpp(406,18): warning C4305: 'initializing': truncation from 'double' to '_Ty'
          with
          [
              _Ty=float
          ]
C:\Users\User\OneDrive\Desktop\Project_graphics\Hall_Design_OpengL3.3\main.cpp(407,2): warning C4305: 'initializing': truncation from 'double' to '_Ty'
          with
          [
              _Ty=float
          ]
C:\Users\User\OneDrive\Desktop\Project_graphics\Hall_Design_OpengL3.3\main.cpp(407,10): warning C4305: 'initializing': truncation from 'double' to '_Ty'
          with
          [
              _Ty=float
          ]
C:\Users\User\OneDrive\Desktop\Project_graphics\Hall_Design_OpengL3.3\main.cpp(407,18): warning C4305: 'initializing': truncation from 'double' to '_Ty'
          with
          [
              _Ty=float
          ]
C:\Users\User\OneDrive\Desktop\Project_graphics\Hall_Design_OpengL3.3\main.cpp(408,2): warning C4305: 'initializing': truncation from 'double' to '_Ty'
          with
          [
              _Ty=float
          ]
C:\Users\User\OneDrive\Desktop\Project_graphics\Hall_Design_OpengL3.3\main.cpp(408,10): warning C4305: 'initializing': truncation from 'double' to '_Ty'
          with
          [
              _Ty=float
          ]
C:\Users\User\OneDrive\Desktop\Project_graphics\Hall_Design_OpengL3.3\main.cpp(408,18): warning C4305: 'initializing': truncation from 'double' to '_Ty'
          with
          [
              _Ty=float
          ]
C:\Users\User\OneDrive\Desktop\Project_graphics\Hall_Design_OpengL3.3\main.cpp(409,2): warning C4305: 'initializing': truncation from 'double' to '_Ty'
          with
          [
              _Ty=float
          ]
C:\Users\User\OneDrive\Desktop\Project_graphics\Hall_Design_OpengL3.3\main.cpp(409,10): warning C4305: 'initializing': truncation from 'double' to '_Ty'
          with
          [
              _Ty=float
          ]
C:\Users\User\OneDrive\Desktop\Project_graphics\Hall_Design_OpengL3.3\main.cpp(409,18): warning C4305: 'initializing': truncation from 'double' to '_Ty'
          with
          [
              _Ty=float
          ]
C:\Users\User\OneDrive\Desktop\Project_graphics\Hall_Design_OpengL3.3\main.cpp(410,1): warning C4305: 'initializing': truncation from 'double' to '_Ty'
          with
          [
              _Ty=float
          ]
C:\Users\User\OneDrive\Desktop\Project_graphics\Hall_Design_OpengL3.3\main.cpp(410,9): warning C4305: 'initializing': truncation from 'double' to '_Ty'
          with
          [
              _Ty=float
          ]
C:\Users\User\OneDrive\Desktop\Project_graphics\Hall_Design_OpengL3.3\main.cpp(410,17): warning C4305: 'initializing': truncation from 'double' to '_Ty'
          with
          [
              _Ty=float
          ]
C:\Users\User\OneDrive\Desktop\Project_graphics\Hall_Design_OpengL3.3\main.cpp(411,1): warning C4305: 'initializing': truncation from 'double' to '_Ty'
          with
          [
              _Ty=float
          ]
C:\Users\User\OneDrive\Desktop\Project_graphics\Hall_Design_OpengL3.3\main.cpp(411,9): warning C4305: 'initializing': truncation from 'double' to '_Ty'
          with
          [
              _Ty=float
          ]
C:\Users\User\OneDrive\Desktop\Project_graphics\Hall_Design_OpengL3.3\main.cpp(411,17): warning C4305: 'initializing': truncation from 'double' to '_Ty'
          with
          [
              _Ty=float
          ]
C:\Users\User\OneDrive\Desktop\Project_graphics\Hall_Design_OpengL3.3\main.cpp(412,1): warning C4305: 'initializing': truncation from 'double' to '_Ty'
          with
          [
              _Ty=float
          ]
C:\Users\User\OneDrive\Desktop\Project_graphics\Hall_Design_OpengL3.3\main.cpp(412,9): warning C4305: 'initializing': truncation from 'double' to '_Ty'
          with
          [
              _Ty=float
          ]
C:\Users\User\OneDrive\Desktop\Project_graphics\Hall_Design_OpengL3.3\main.cpp(412,17): warning C4305: 'initializing': truncation from 'double' to '_Ty'
          with
          [
              _Ty=float
          ]
C:\Users\User\OneDrive\Desktop\Project_graphics\Hall_Design_OpengL3.3\main.cpp(413,1): warning C4305: 'initializing': truncation from 'double' to '_Ty'
          with
          [
              _Ty=float
          ]
C:\Users\User\OneDrive\Desktop\Project_graphics\Hall_Design_OpengL3.3\main.cpp(413,9): warning C4305: 'initializing': truncation from 'double' to '_Ty'
          with
          [
              _Ty=float
          ]
C:\Users\User\OneDrive\Desktop\Project_graphics\Hall_Design_OpengL3.3\main.cpp(413,17): warning C4305: 'initializing': truncation from 'double' to '_Ty'
          with
          [
              _Ty=float
          ]
C:\Users\User\OneDrive\Desktop\Project_graphics\Hall_Design_OpengL3.3\main.cpp(414,1): warning C4305: 'initializing': truncation from 'double' to '_Ty'
          with
          [
              _Ty=float
          ]
C:\Users\User\OneDrive\Desktop\Project_graphics\Hall_Design_OpengL3.3\main.cpp(414,9): warning C4305: 'initializing': truncation from 'double' to '_Ty'
          with
          [
              _Ty=float
          ]
C:\Users\User\OneDrive\Desktop\Project_graphics\Hall_Design_OpengL3.3\main.cpp(414,17): warning C4305: 'initializing': truncation from 'double' to '_Ty'
          with
          [
              _Ty=float
          ]
C:\Users\User\OneDrive\Desktop\Project_graphics\Hall_Design_OpengL3.3\main.cpp(677,22): warning C4305: 'initializing': truncation from 'double' to 'float'
C:\Users\User\OneDrive\Desktop\Project_graphics\Hall_Design_OpengL3.3\main.cpp(693,41): warning C4244: '=': conversion from 'double' to 'float', possible loss of data
C:\Users\User\OneDrive\Desktop\Project_graphics\Hall_Design_OpengL3.3\main.cpp(694,42): warning C4244: '=': conversion from 'double' to 'float', possible loss of data
C:\Users\User\OneDrive\Desktop\Project_graphics\Hall_Design_OpengL3.3\main.cpp(705,41): warning C4244: '=': conversion from 'double' to 'float', possible loss of data
C:\Users\User\OneDrive\Desktop\Project_graphics\Hall_Design_OpengL3.3\main.cpp(706,42): warning C4244: '=': conversion from 'double' to 'float', possible loss of data
C:\Users\User\OneDrive\Desktop\Project_graphics\Hall_Design_OpengL3.3\main.cpp(1229,36): warning C4305: 'argument': truncation from 'double' to 'GLfloat'
C:\Users\User\OneDrive\Desktop\Project_graphics\Hall_Design_OpengL3.3\main.cpp(1229,29): warning C4305: 'argument': truncation from 'double' to 'GLfloat'
C:\Users\User\OneDrive\Desktop\Project_graphics\Hall_Design_OpengL3.3\main.cpp(1229,22): warning C4305: 'argument': truncation from 'double' to 'GLfloat'
C:\Users\User\OneDrive\Desktop\Project_graphics\Hall_Design_OpengL3.3\main.cpp(1272,100): warning C4101: 'translate2': unreferenced local variable
C:\Users\User\OneDrive\Desktop\Project_graphics\Hall_Design_OpengL3.3\main.cpp(1461,17): warning C4305: 'initializing': truncation from 'double' to 'float'
C:\Users\User\OneDrive\Desktop\Project_graphics\Hall_Design_OpengL3.3\main.cpp(1471,60): warning C4305: 'argument': truncation from 'double' to 'float'
C:\Users\User\OneDrive\Desktop\Project_graphics\Hall_Design_OpengL3.3\main.cpp(1471,53): warning C4305: 'argument': truncation from 'double' to 'float'
C:\Users\User\OneDrive\Desktop\Project_graphics\Hall_Design_OpengL3.3\main.cpp(1471,46): warning C4305: 'argument': truncation from 'double' to 'float'
C:\Users\User\OneDrive\Desktop\Project_graphics\Hall_Design_OpengL3.3\main.cpp(1475,22): warning C4305: 'initializing': truncation from 'double' to 'float'
C:\Users\User\OneDrive\Desktop\Project_graphics\Hall_Design_OpengL3.3\main.cpp(1477,22): warning C4244: '+=': conversion from 'double' to 'float', possible loss of data
C:\Users\User\OneDrive\Desktop\Project_graphics\Hall_Design_OpengL3.3\main.cpp(1502,20): warning C4305: '-=': truncation from 'double' to 'float'
C:\Users\User\OneDrive\Desktop\Project_graphics\Hall_Design_OpengL3.3\main.cpp(1504,20): warning C4305: '+=': truncation from 'double' to 'float'
C:\Users\User\OneDrive\Desktop\Project_graphics\Hall_Design_OpengL3.3\main.cpp(1527,60): warning C4305: 'argument': truncation from 'double' to 'float'
C:\Users\User\OneDrive\Desktop\Project_graphics\Hall_Design_OpengL3.3\main.cpp(1527,53): warning C4305: 'argument': truncation from 'double' to 'float'
C:\Users\User\OneDrive\Desktop\Project_graphics\Hall_Design_OpengL3.3\main.cpp(1527,46): warning C4305: 'argument': truncation from 'double' to 'float'
C:\Users\User\OneDrive\Desktop\Project_graphics\Hall_Design_OpengL3.3\main.cpp(1537,60): warning C4305: 'argument': truncation from 'double' to 'float'
C:\Users\User\OneDrive\Desktop\Project_graphics\Hall_Design_OpengL3.3\main.cpp(1537,53): warning C4305: 'argument': truncation from 'double' to 'float'
C:\Users\User\OneDrive\Desktop\Project_graphics\Hall_Design_OpengL3.3\main.cpp(1537,46): warning C4305: 'argument': truncation from 'double' to 'float'
C:\Users\User\OneDrive\Desktop\Project_graphics\Hall_Design_OpengL3.3\main.cpp(1546,60): warning C4305: 'argument': truncation from 'double' to 'float'
C:\Users\User\OneDrive\Desktop\Project_graphics\Hall_Design_OpengL3.3\main.cpp(1546,53): warning C4305: 'argument': truncation from 'double' to 'float'
C:\Users\User\OneDrive\Desktop\Project_graphics\Hall_Design_OpengL3.3\main.cpp(1546,46): warning C4305: 'argument': truncation from 'double' to 'float'
C:\Users\User\OneDrive\Desktop\Project_graphics\Hall_Design_OpengL3.3\main.cpp(1556,60): warning C4305: 'argument': truncation from 'double' to 'float'
C:\Users\User\OneDrive\Desktop\Project_graphics\Hall_Design_OpengL3.3\main.cpp(1556,53): warning C4305: 'argument': truncation from 'double' to 'float'
C:\Users\User\OneDrive\Desktop\Project_graphics\Hall_Design_OpengL3.3\main.cpp(1556,46): warning C4305: 'argument': truncation from 'double' to 'float'
C:\Users\User\OneDrive\Desktop\Project_graphics\Hall_Design_OpengL3.3\main.cpp(1633,19): warning C4305: '+=': truncation from 'double' to 'float'
C:\Users\User\OneDrive\Desktop\Project_graphics\Hall_Design_OpengL3.3\main.cpp(1636,19): warning C4305: '-=': truncation from 'double' to 'float'
C:\Users\User\OneDrive\Desktop\Project_graphics\Hall_Design_OpengL3.3\main.cpp(1799,43): warning C4305: 'argument': truncation from 'double' to 'float'
C:\Users\User\OneDrive\Desktop\Project_graphics\Hall_Design_OpengL3.3\main.cpp(1799,38): warning C4305: 'argument': truncation from 'double' to 'float'
C:\Users\User\OneDrive\Desktop\Project_graphics\Hall_Design_OpengL3.3\main.cpp(1810,44): warning C4305: 'argument': truncation from 'double' to 'float'
C:\Users\User\OneDrive\Desktop\Project_graphics\Hall_Design_OpengL3.3\main.cpp(1810,39): warning C4305: 'argument': truncation from 'double' to 'float'
C:\Users\User\OneDrive\Desktop\Project_graphics\Hall_Design_OpengL3.3\main.cpp(1827,44): warning C4305: 'argument': truncation from 'double' to 'float'
C:\Users\User\OneDrive\Desktop\Project_graphics\Hall_Design_OpengL3.3\main.cpp(1827,39): warning C4305: 'argument': truncation from 'double' to 'float'
C:\Users\User\OneDrive\Desktop\Project_graphics\Hall_Design_OpengL3.3\main.cpp(1847,44): warning C4305: 'argument': truncation from 'double' to 'float'
C:\Users\User\OneDrive\Desktop\Project_graphics\Hall_Design_OpengL3.3\main.cpp(1847,39): warning C4305: 'argument': truncation from 'double' to 'float'
C:\Users\User\OneDrive\Desktop\Project_graphics\Hall_Design_OpengL3.3\main.cpp(1860,44): warning C4305: 'argument': truncation from 'double' to 'float'
C:\Users\User\OneDrive\Desktop\Project_graphics\Hall_Design_OpengL3.3\main.cpp(1860,39): warning C4305: 'argument': truncation from 'double' to 'float'
C:\Users\User\OneDrive\Desktop\Project_graphics\Hall_Design_OpengL3.3\main.cpp(1892,17): warning C4305: 'initializing': truncation from 'double' to 'float'
C:\Users\User\OneDrive\Desktop\Project_graphics\Hall_Design_OpengL3.3\main.cpp(1905,74): warning C4305: 'argument': truncation from 'double' to 'float'
C:\Users\User\OneDrive\Desktop\Project_graphics\Hall_Design_OpengL3.3\main.cpp(1905,61): warning C4305: 'argument': truncation from 'double' to 'float'
C:\Users\User\OneDrive\Desktop\Project_graphics\Hall_Design_OpengL3.3\main.cpp(1971,54): warning C4305: 'argument': truncation from 'double' to 'float'
C:\Users\User\OneDrive\Desktop\Project_graphics\Hall_Design_OpengL3.3\main.cpp(1971,49): warning C4305: 'argument': truncation from 'double' to 'float'
C:\Users\User\OneDrive\Desktop\Project_graphics\Hall_Design_OpengL3.3\main.cpp(2044,23): warning C4305: 'initializing': truncation from 'double' to 'float'
C:\Users\User\OneDrive\Desktop\Project_graphics\Hall_Design_OpengL3.3\main.cpp(2063,16): warning C4244: 'initializing': conversion from 'float' to 'int', possible loss of data
C:\Users\User\OneDrive\Desktop\Project_graphics\Hall_Design_OpengL3.3\main.cpp(2077,16): warning C4244: 'initializing': conversion from 'float' to 'int', possible loss of data
C:\Users\User\OneDrive\Desktop\Project_graphics\Hall_Design_OpengL3.3\main.cpp(2091,16): warning C4244: 'initializing': conversion from 'float' to 'int', possible loss of data
C:\Users\User\OneDrive\Desktop\Project_graphics\Hall_Design_OpengL3.3\main.cpp(2105,16): warning C4244: 'initializing': conversion from 'float' to 'int', possible loss of data
C:\Users\User\OneDrive\Desktop\Project_graphics\Hall_Design_OpengL3.3\main.cpp(2575,22): warning C4305: 'initializing': truncation from 'double' to 'float'
C:\Users\User\OneDrive\Desktop\Project_graphics\Hall_Design_OpengL3.3\main.cpp(2578,23): warning C4305: 'initializing': truncation from 'double' to 'float'
C:\Users\User\OneDrive\Desktop\Project_graphics\Hall_Design_OpengL3.3\main.cpp(2579,24): warning C4305: 'initializing': truncation from 'double' to 'float'
C:\Users\User\OneDrive\Desktop\Project_graphics\Hall_Design_OpengL3.3\main.cpp(2580,24): warning C4305: 'initializing': truncation from 'double' to 'float'
C:\Users\User\OneDrive\Desktop\Project_graphics\Hall_Design_OpengL3.3\main.cpp(2581,25): warning C4305: 'initializing': truncation from 'double' to 'float'
C:\Users\User\OneDrive\Desktop\Project_graphics\Hall_Design_OpengL3.3\main.cpp(2765,25): warning C4244: '=': conversion from 'double' to 'float', possible loss of data
C:\Users\User\OneDrive\Desktop\Project_graphics\Hall_Design_OpengL3.3\main.cpp(2810,13): warning C4305: '=': truncation from 'double' to 'float'
C:\Users\User\OneDrive\Desktop\Project_graphics\Hall_Design_OpengL3.3\main.cpp(2823,13): warning C4305: '=': truncation from 'double' to 'float'
C:\Users\User\OneDrive\Desktop\Project_graphics\Hall_Design_OpengL3.3\main.cpp(2893,15): warning C4101: 'rotateYMatrix': unreferenced local variable
C:\Users\User\OneDrive\Desktop\Project_graphics\Hall_Design_OpengL3.3\main.cpp(3060,21): warning C4305: 'initializing': truncation from 'double' to 'float'
C:\Users\User\OneDrive\Desktop\Project_graphics\Hall_Design_OpengL3.3\main.cpp(3063,17): warning C4305: 'initializing': truncation from 'double' to 'float'
C:\Users\User\OneDrive\Desktop\Project_graphics\Hall_Design_OpengL3.3\main.cpp(3065,17): warning C4305: 'initializing': truncation from 'double' to 'float'
C:\Users\User\OneDrive\Desktop\Project_graphics\Hall_Design_OpengL3.3\main.cpp(3067,24): warning C4305: 'initializing': truncation from 'double' to 'float'
C:\Users\User\OneDrive\Desktop\Project_graphics\Hall_Design_OpengL3.3\main.cpp(3068,25): warning C4305: 'initializing': truncation from 'double' to 'float'
C:\Users\User\OneDrive\Desktop\Project_graphics\Hall_Design_OpengL3.3\main.cpp(3080,54): warning C4305: 'argument': truncation from 'double' to 'float'
C:\Users\User\OneDrive\Desktop\Project_graphics\Hall_Design_OpengL3.3\main.cpp(3080,49): warning C4305: 'argument': truncation from 'double' to 'float'
C:\Users\User\OneDrive\Desktop\Project_graphics\Hall_Design_OpengL3.3\main.cpp(3091,54): warning C4305: 'argument': truncation from 'double' to 'float'
C:\Users\User\OneDrive\Desktop\Project_graphics\Hall_Design_OpengL3.3\main.cpp(3091,49): warning C4305: 'argument': truncation from 'double' to 'float'
C:\Users\User\OneDrive\Desktop\Project_graphics\Hall_Design_OpengL3.3\main.cpp(3102,54): warning C4305: 'argument': truncation from 'double' to 'float'
C:\Users\User\OneDrive\Desktop\Project_graphics\Hall_Design_OpengL3.3\main.cpp(3102,49): warning C4305: 'argument': truncation from 'double' to 'float'
C:\Users\User\OneDrive\Desktop\Project_graphics\Hall_Design_OpengL3.3\main.cpp(3113,54): warning C4305: 'argument': truncation from 'double' to 'float'
C:\Users\User\OneDrive\Desktop\Project_graphics\Hall_Design_OpengL3.3\main.cpp(3113,49): warning C4305: 'argument': truncation from 'double' to 'float'
C:\Users\User\OneDrive\Desktop\Project_graphics\Hall_Design_OpengL3.3\main.cpp(3124,54): warning C4305: 'argument': truncation from 'double' to 'float'
C:\Users\User\OneDrive\Desktop\Project_graphics\Hall_Design_OpengL3.3\main.cpp(3124,49): warning C4305: 'argument': truncation from 'double' to 'float'
C:\Users\User\OneDrive\Desktop\Project_graphics\Hall_Design_OpengL3.3\main.cpp(3135,54): warning C4305: 'argument': truncation from 'double' to 'float'
C:\Users\User\OneDrive\Desktop\Project_graphics\Hall_Design_OpengL3.3\main.cpp(3135,49): warning C4305: 'argument': truncation from 'double' to 'float'
C:\Users\User\OneDrive\Desktop\Project_graphics\Hall_Design_OpengL3.3\main.cpp(3143,18): warning C4305: 'initializing': truncation from 'double' to 'float'
C:\Users\User\OneDrive\Desktop\Project_graphics\Hall_Design_OpengL3.3\main.cpp(3144,18): warning C4305: 'initializing': truncation from 'double' to 'float'
C:\Users\User\OneDrive\Desktop\Project_graphics\Hall_Design_OpengL3.3\main.cpp(3161,54): warning C4305: 'argument': truncation from 'double' to 'float'
C:\Users\User\OneDrive\Desktop\Project_graphics\Hall_Design_OpengL3.3\main.cpp(3161,49): warning C4305: 'argument': truncation from 'double' to 'float'
C:\Users\User\OneDrive\Desktop\Project_graphics\Hall_Design_OpengL3.3\main.cpp(3173,54): warning C4305: 'argument': truncation from 'double' to 'float'
C:\Users\User\OneDrive\Desktop\Project_graphics\Hall_Design_OpengL3.3\main.cpp(3173,49): warning C4305: 'argument': truncation from 'double' to 'float'
C:\Users\User\OneDrive\Desktop\Project_graphics\Hall_Design_OpengL3.3\main.cpp(3185,54): warning C4305: 'argument': truncation from 'double' to 'float'
C:\Users\User\OneDrive\Desktop\Project_graphics\Hall_Design_OpengL3.3\main.cpp(3185,49): warning C4305: 'argument': truncation from 'double' to 'float'
C:\Users\User\OneDrive\Desktop\Project_graphics\Hall_Design_OpengL3.3\main.cpp(3196,54): warning C4305: 'argument': truncation from 'double' to 'float'
C:\Users\User\OneDrive\Desktop\Project_graphics\Hall_Design_OpengL3.3\main.cpp(3196,49): warning C4305: 'argument': truncation from 'double' to 'float'
C:\Users\User\OneDrive\Desktop\Project_graphics\Hall_Design_OpengL3.3\main.cpp(3214,14): warning C4305: 'initializing': truncation from 'double' to 'float'
C:\Users\User\OneDrive\Desktop\Project_graphics\Hall_Design_OpengL3.3\main.cpp(3246,17): warning C4305: 'initializing': truncation from 'double' to 'float'
C:\Users\User\OneDrive\Desktop\Project_graphics\Hall_Design_OpengL3.3\main.cpp(3248,18): warning C4305: 'initializing': truncation from 'double' to 'float'
C:\Users\User\OneDrive\Desktop\Project_graphics\Hall_Design_OpengL3.3\main.cpp(3264,54): warning C4305: 'argument': truncation from 'double' to 'float'
C:\Users\User\OneDrive\Desktop\Project_graphics\Hall_Design_OpengL3.3\main.cpp(3264,49): warning C4305: 'argument': truncation from 'double' to 'float'
C:\Users\User\OneDrive\Desktop\Project_graphics\Hall_Design_OpengL3.3\main.cpp(3390,26): warning C4305: '+=': truncation from 'double' to 'float'
C:\Users\User\OneDrive\Desktop\Project_graphics\Hall_Design_OpengL3.3\main.cpp(3399,27): warning C4305: '-=': truncation from 'double' to 'float'
C:\Users\User\OneDrive\Desktop\Project_graphics\Hall_Design_OpengL3.3\main.cpp(3435,29): warning C4305: '+=': truncation from 'double' to 'float'
  Lighting.vcxproj -> C:\Users\User\OneDrive\Desktop\Project_graphics\Hall_Design_OpengL3.3\x64\Debug\Lighting.exe
